0 info it worked if it ends with ok
1 verbose cli [ '/Users/noahkarman/.nvm/versions/node/v6.11.1/bin/node',
1 verbose cli   '/Users/noahkarman/.nvm/versions/node/v6.11.1/bin/npm',
1 verbose cli   'start',
1 verbose cli   '--',
1 verbose cli   '--clear-cache' ]
2 info using npm@3.10.10
3 info using node@v6.11.1
4 verbose run-script [ 'prestart', 'start', 'poststart' ]
5 info lifecycle PlanetPlutoVr@0.0.1~prestart: PlanetPlutoVr@0.0.1
6 silly lifecycle PlanetPlutoVr@0.0.1~prestart: no script for prestart, continuing
7 info lifecycle PlanetPlutoVr@0.0.1~start: PlanetPlutoVr@0.0.1
8 verbose lifecycle PlanetPlutoVr@0.0.1~start: unsafe-perm in lifecycle true
9 verbose lifecycle PlanetPlutoVr@0.0.1~start: PATH: /Users/noahkarman/.nvm/versions/node/v6.11.1/lib/node_modules/npm/bin/node-gyp-bin:/Users/noahkarman/somethingLikeAsteroids/node_modules/.bin:/Users/noahkarman/.nvm/versions/node/v6.11.1/bin:/Users/noahkarman/.fastlane/bin:/usr/local/bin:/usr/bin:/bin:/usr/sbin:/sbin:/Library/PostgreSQL/9.6/bin
10 verbose lifecycle PlanetPlutoVr@0.0.1~start: CWD: /Users/noahkarman/somethingLikeAsteroids
11 silly lifecycle PlanetPlutoVr@0.0.1~start: Args: [ '-c',
11 silly lifecycle   'node -e "console.log(\'open browser at http://localhost:8081/vr/\\n\\n\');" && node node_modules/react-native/local-cli/cli.js start "--clear-cache"' ]
12 silly lifecycle PlanetPlutoVr@0.0.1~start: Returned: code: 1  signal: null
13 info lifecycle PlanetPlutoVr@0.0.1~start: Failed to exec start script
14 verbose stack Error: PlanetPlutoVr@0.0.1 start: `node -e "console.log('open browser at http://localhost:8081/vr/\n\n');" && node node_modules/react-native/local-cli/cli.js start "--clear-cache"`
14 verbose stack Exit status 1
14 verbose stack     at EventEmitter.<anonymous> (/Users/noahkarman/.nvm/versions/node/v6.11.1/lib/node_modules/npm/lib/utils/lifecycle.js:255:16)
14 verbose stack     at emitTwo (events.js:106:13)
14 verbose stack     at EventEmitter.emit (events.js:191:7)
14 verbose stack     at ChildProcess.<anonymous> (/Users/noahkarman/.nvm/versions/node/v6.11.1/lib/node_modules/npm/lib/utils/spawn.js:40:14)
14 verbose stack     at emitTwo (events.js:106:13)
14 verbose stack     at ChildProcess.emit (events.js:191:7)
14 verbose stack     at maybeClose (internal/child_process.js:891:16)
14 verbose stack     at Process.ChildProcess._handle.onexit (internal/child_process.js:226:5)
15 verbose pkgid PlanetPlutoVr@0.0.1
16 verbose cwd /Users/noahkarman/somethingLikeAsteroids
17 error Darwin 16.7.0
18 error argv "/Users/noahkarman/.nvm/versions/node/v6.11.1/bin/node" "/Users/noahkarman/.nvm/versions/node/v6.11.1/bin/npm" "start" "--" "--clear-cache"
19 error node v6.11.1
20 error npm  v3.10.10
21 error code ELIFECYCLE
22 error PlanetPlutoVr@0.0.1 start: `node -e "console.log('open browser at http://localhost:8081/vr/\n\n');" && node node_modules/react-native/local-cli/cli.js start "--clear-cache"`
22 error Exit status 1
23 error Failed at the PlanetPlutoVr@0.0.1 start script 'node -e "console.log('open browser at http://localhost:8081/vr/\n\n');" && node node_modules/react-native/local-cli/cli.js start "--clear-cache"'.
23 error Make sure you have the latest version of node.js and npm installed.
23 error If you do, this is most likely a problem with the PlanetPlutoVr package,
23 error not with npm itself.
23 error Tell the author that this fails on your system:
23 error     node -e "console.log('open browser at http://localhost:8081/vr/\n\n');" && node node_modules/react-native/local-cli/cli.js start "--clear-cache"
23 error You can get information on how to open an issue for this project with:
23 error     npm bugs PlanetPlutoVr
23 error Or if that isn't available, you can get their info via:
23 error     npm owner ls PlanetPlutoVr
23 error There is likely additional logging output above.
24 verbose exit [ 1, true ]
